<?xml version="1.0" encoding="UTF-8"?>
<!-- Generated by org.testng.reporters.JUnitXMLReporter -->
<testsuite ignored="0" hostname="RENLTP2N103" failures="0" tests="6" name="Default test" time="3.54" errors="0" timestamp="2022-01-24T14:33:51 IST">
  <testcase classname="com.employeeapi.testcases.DeleteEmployeeRecord_TC_005" name="checkHeaderType" time="0.006"/>
  <testcase classname="com.employeeapi.testcases.DeleteEmployeeRecord_TC_005" name="checkMessage" time="0.732"/>
  <testcase classname="com.employeeapi.testcases.DeleteEmployeeRecord_TC_005" name="checkResponseBody" time="0.002"/>
  <testcase classname="com.employeeapi.testcases.DeleteEmployeeRecord_TC_005" name="checkStatusCode" time="0.001"/>
  <testcase classname="com.employeeapi.testcases.DeleteEmployeeRecord_TC_005" name="checkStatusLine" time="0.002"/>
  <testcase classname="com.employeeapi.testcases.DeleteEmployeeRecord_TC_005" name="tearDown" time="0.003"/>
</testsuite> <!-- Default test -->
