<?xml version="1.0" encoding="UTF-8"?>
<!-- Generated by org.testng.reporters.JUnitXMLReporter -->
<testsuite ignored="0" hostname="RENLTP2N103" failures="1" tests="11" name="EmployeesTest" time="10.858" errors="0" timestamp="2022-01-23T15:58:00 IST">
  <testcase classname="com.employeeapi.testcases.GetAllEmployees_TC_001" name="checkHeaderContent" time="0.008"/>
  <testcase classname="com.employeeapi.testcases.GetAllEmployees_TC_001" name="checkResponseBody" time="0.017"/>
  <testcase classname="com.employeeapi.testcases.GetAllEmployees_TC_001" name="checkResponseTime" time="0.002">
    <failure type="java.lang.AssertionError">
      <![CDATA[java.lang.AssertionError
at org.junit.Assert.fail(Assert.java:92)
at org.junit.Assert.assertTrue(Assert.java:43)
at org.junit.Assert.assertTrue(Assert.java:54)
at com.employeeapi.testcases.GetAllEmployees_TC_001.checkResponseTime(GetAllEmployees_TC_001.java:61)
at java.base/java.util.ArrayList.forEach(ArrayList.java:1541)
... Removed 27 stack frames]]>
    </failure>
  </testcase> <!-- checkResponseTime -->
  <testcase classname="com.employeeapi.testcases.GetAllEmployees_TC_001" name="checkStatusCode" time="0.001"/>
  <testcase classname="com.employeeapi.testcases.GetAllEmployees_TC_001" name="checkSucessMessage" time="0.561"/>
  <testcase classname="com.employeeapi.testcases.GetEmployeeByID_TC_002" name="checkResponseBody" time="0.005"/>
  <testcase classname="com.employeeapi.testcases.GetEmployeeByID_TC_002" name="checkResponseTime" time="0.002"/>
  <testcase classname="com.employeeapi.testcases.GetEmployeeByID_TC_002" name="checkStatusCode" time="0.001"/>
  <testcase classname="com.employeeapi.testcases.PostCreateEmployee_TC_003" name="checkHeaderType" time="0.012"/>
  <testcase classname="com.employeeapi.testcases.PostCreateEmployee_TC_003" name="checkResponseBody" time="0.004"/>
  <testcase classname="com.employeeapi.testcases.PostCreateEmployee_TC_003" name="checkStatusLine" time="0.001"/>
</testsuite> <!-- EmployeesTest -->
